<?xml version="1.0" encoding="UTF-8"?>
<testsuite xmlns:xsi="http://www.w3.org/2001/XMLSchema-instance" xsi:noNamespaceSchemaLocation="https://maven.apache.org/surefire/maven-surefire-plugin/xsd/surefire-test-report-3.0.xsd" version="3.0" name="com.testemobile.runner.TestRunner" time="15.59" tests="1" errors="0" skipped="0" failures="0">
  <properties>
[...]
</properties>
  <testcase name="Usuário cria um novo contato com sucesso" classname="Criar novo contato" time="15.344">
    <system-out><![CDATA[
Scenario: Usuário cria um novo contato com sucesso # src/test/resources/features/criar_contato.feature:3
  Given que o aplicativo de contatos está aberto   # com.testemobile.steps.CriarContatoSteps.abrirAppContatos()
  When eu toco para criar um novo contato          # com.testemobile.steps.CriarContatoSteps.criarNovoContato()
  And preencho o nome "NomeTeste"                  # com.testemobile.steps.CriarContatoSteps.preencherNome(java.lang.String)
  And preencho o sobrenome "SobrenomeTeste"        # com.testemobile.steps.CriarContatoSteps.preencherSobrenome(java.lang.String)
  And preencho o telefone "+5511999998888"         # com.testemobile.steps.CriarContatoSteps.preencherTelefone(java.lang.String)
  And salvo o contato                              # com.testemobile.steps.CriarContatoSteps.salvarContato()
  Then o contato deve ser salvo com sucesso        # com.testemobile.steps.CriarContatoSteps.verificarSucesso()
]]></system-out>
    <system-err><![CDATA[SLF4J: No SLF4J providers were found.
SLF4J: Defaulting to no-operation (NOP) logger implementation
SLF4J: See https://www.slf4j.org/codes.html#noProviders for further details.
]]></system-err>
  </testcase>
</testsuite>